0DhAcceso denegado
[29/01/2025 13:22:14] nrComm: The port COM1 is opened succesfully
[29/01/2025 13:22:14] nrComm: The port is closed succesfully
[29/01/2025 13:22:14] nrComm: The port COM1 is opened succesfully
[29/01/2025 13:22:17] nrComm: The port is closed succesfully
[29/01/2025 13:22:17] Fatal Error: 1, 0, Device "COM1" Open Error !!!\0DhAcceso denegado
[29/01/2025 13:22:17] Fatal Error: 1, 0, Device "COM1" Open Error !!!\0DhAcceso denegado
[29/01/2025 13:22:53] nrComm: The port COM1 is opened succesfully
[29/01/2025 13:22:53] nrComm: The port is closed succesfully
[29/01/2025 13:22:53] nrComm: The port COM1 is opened succesfully
[29/01/2025 13:24:27] nrComm: The port is closed succesfully
[29/01/2025 13:24:27] Fatal Error: 1, 0, Device "COM1" Open Error !!!\0DhAcceso denegado
[29/01/2025 13:24:27] Fatal Error: 1, 0, Device "COM1" Open Error !!!\0DhAcceso denegado
[29/01/2025 13:24:35] nrComm: The port COM1 is opened succesfully
[29/01/2025 13:24:35] nrComm: The port is closed succesfully
[29/01/2025 13:24:35] nrComm: The port COM1 is opened succesfully
[29/01/2025 13:25:30] nrComm: The port is closed succesfully
[29/01/2025 13:25:30] Fatal Error: 1, 0, Device "COM1" Open Error !!!\0DhAcceso denegado
[29/01/2025 13:25:30] Fatal Error: 1, 0, Device "COM1" Open Error !!!\0DhAcceso denegado
[29/01/2025 13:25:42] nrComm: The port COM1 is opened succesfully
[29/01/2025 13:25:42] nrComm: The port is closed succesfully
[29/01/2025 13:25:42] nrComm: The port COM1 is opened succesfully
[29/01/2025 13:25:48] nrComm: The port is closed succesfully
[29/01/2025 13:25:48] Fatal Error: 1, 0, Device "COM1" Open Error !!!\0DhAcceso denegado
[29/01/2025 13:25:48] Fatal Error: 1, 0, Device "COM1" Open Error !!!\0DhAcceso denegado
[29/01/2025 13:26:28] nrComm Lib v8.31 Std Windows Longhorn [6.2.9200] 
[29/01/2025 13:26:28] nrComm: The port COM1 is opened succesfully
[29/01/2025 13:26:28] nrComm: The port is closed succesfully
[29/01/2025 13:26:28] nrComm: The port COM1 is opened succesfully
[29/01/2025 13:26:29] nrComm: The port is closed succesfully
[29/01/2025 13:26:29] Fatal Error: 1, 0, Device "COM1" Open Error !!!\0DhAcceso denegado
[29/01/2025 13:30:56] nrComm Lib v8.31 Std Windows Longhorn [6.2.9200] 
[29/01/2025 13:30:56] nrComm: The port COM1 is opened succesfully
[29/01/2025 13:30:56] nrComm: The port is closed succesfully
[29/01/2025 13:30:56] nrComm: The port COM1 is opened succesfully
[29/01/2025 13:30:56] nrComm: The port is closed succesfully
[29/01/2025 13:30:56] Fatal Error: 1, 0, Device "COM1" Open Error !!!\0DhAcceso denegado
[29/01/2025 13:31:35] nrComm Lib v8.31 Std Windows Longhorn [6.2.9200] 
[29/01/2025 13:31:35] nrComm: The port COM1 is opened succesfully
[29/01/2025 13:31:35] nrComm: The port is closed succesfully
[29/01/2025 13:31:35] nrComm: The port COM1 is opened succesfully
[29/01/2025 13:31:35] nrComm: The port is closed succesfully
[29/01/2025 13:31:35] nrComm: The port COM1 is opened succesfully
[29/01/2025 13:33:43] nrComm: The port is closed succesfully
[29/01/2025 13:33:43] Fatal Error: 1, 0, Device "COM1" Open Error !!!\0DhAcceso denegado
[29/01/2025 13:33:43] Fatal Error: 1, 0, Device "COM1" Open Error !!!\0DhAcceso denegado
[29/01/2025 13:33:47] nrComm: The port COM1 is opened succesfully
[29/01/2025 13:33:47] nrComm: The port is closed succesfully
[29/01/2025 13:33:47] nrComm: The port COM1 is opened succesfully
[30/01/2025 14:30:26] nrComm Lib v8.31 Std Windows Longhorn [6.2.9200] 
[30/01/2025 14:30:26] nrComm: The port COM1 is opened succesfully
[30/01/2025 14:30:26] nrComm: The port is closed succesfully
[30/01/2025 14:30:27] nrComm: The port COM1 is opened succesfully
[30/01/2025 14:30:27] nrComm: The port is closed succesfully
[30/01/2025 14:30:27] nrComm: The port COM1 is opened succesfully
[30/01/2025 14:38:19] nrComm: The port is closed succesfully
[30/01/2025 14:38:19] nrComm: The port COM1 is opened succesfully
[30/01/2025 14:38:19] nrComm: The port is closed succesfully
[30/01/2025 14:38:19] Fatal Error: 1, 0, Device "COM1" Open Error !!!\0DhAcceso denegado
[30/01/2025 14:45:57] nrComm: The port COM1 is opened succesfully
[30/01/2025 14:45:57] nrComm: The port is closed succesfully
[30/01/2025 14:45:57] nrComm: The port COM1 is opened succesfully
[30/01/2025 14:45:58] nrComm: The port is closed succesfully
[30/01/2025 14:45:58] Fatal Error: 1, 0, Device "COM1" Open Error !!!\0DhAcceso denegado
[30/01/2025 14:45:58] Fatal Error: 1, 0, Device "COM1" Open Error !!!\0DhAcceso denegado
[30/01/2025 14:46:06] nrComm: The port COM1 is opened succesfully
[30/01/2025 14:46:06] nrComm: The port is closed succesfully
[30/01/2025 14:46:06] nrComm: The port COM1 is opened succesfully
[30/01/2025 14:46:50] nrComm: The port is closed succesfully
[30/01/2025 14:46:50] Fatal Error: 1, 0, Device "COM1" Open Error !!!\0DhAcceso denegado
[30/01/2025 14:46:50] nrComm: The port COM1 is opened succesfully
[30/01/2025 14:46:50] nrComm: The port is closed succesfully
[30/01/2025 14:46:50] nrComm: The port COM1 is opened succesfully
[30/01/2025 14:49:28] nrComm: The port is closed succesfully
[30/01/2025 14:49:28] Fatal Error: 1, 0, Device "COM1" Open Error !!!\0DhAcceso denegado
[30/01/2025 14:50:10] nrComm: The port COM1 is opened succesfully
[30/01/2025 14:50:10] nrComm: The port is closed succesfully
[30/01/2025 14:50:10] nrComm: The port COM1 is opened succesfully
[30/01/2025 14:50:10] nrComm: The port is closed succesfully
[30/01/2025 14:50:10] Fatal Error: 1, 0, Device "COM1" Open Error !!!\0DhAcceso denegado
[30/01/2025 14:50:57] nrComm: The port COM1 is opened succesfully
[30/01/2025 14:50:57] nrComm: The port is closed succesfully
[30/01/2025 14:50:57] nrComm: The port COM1 is opened succesfully
[30/01/2025 14:52:21] nrComm: The port is closed succesfully
[30/01/2025 14:52:21] Fatal Error: 1, 0, Device "COM1" Open Error !!!\0DhAcceso denegado
[30/01/2025 14:52:21] nrComm: The port COM1 is opened succesfully
[30/01/2025 14:52:21] nrComm: The port is closed succesfully
[30/01/2025 14:52:21] nrComm: The port COM1 is opened succesfully
[30/01/2025 14:52:38] nrComm: The port is closed succesfully
[30/01/2025 14:52:38] Fatal Error: 1, 0, Device "COM1" Open Error !!!\0DhAcceso denegado
[30/01/2025 14:52:42] nrComm: The port COM1 is opened succesfully
[30/01/2025 14:52:42] nrComm: The port is closed succesfully
[30/01/2025 14:52:42] nrComm: The port COM1 is opened succesfully
[30/01/2025 14:52:42] nrComm: The port is closed succesfully
[30/01/2025 14:52:42] Fatal Error: 1, 0, Device "COM1" Open Error !!!\0DhAcceso denegado
[30/01/2025 14:53:01] nrComm: The port COM1 is opened succesfully
[30/01/2025 14:53:01] nrComm: The port is closed succesfully
[30/01/2025 14:53:01] nrComm: The port COM1 is opened succesfully
[30/01/2025 14:53:02] nrComm: The port is closed succesfully
[30/01/2025 14:53:02] Fatal Error: 1, 0, Device "COM1" Open Error !!!\0DhAcceso denegado
[30/01/2025 14:53:02] Fatal Error: 1, 0, Device "COM1" Open Error !!!\0DhAcceso denegado
[30/01/2025 14:53:17] nrComm: The port COM1 is opened succesfully
[30/01/2025 14:53:17] nrComm: The port is closed succesfully
[30/01/2025 14:53:17] nrComm: The port COM1 is opened succesfully
[30/01/2025 14:53:18] nrComm: The port is closed succesfully
[30/01/2025 14:53:18] Fatal Error: 1, 0, Device "COM1" Open Error !!!\0DhAcceso denegado
[30/01/2025 14:53:18] nrComm: The port COM1 is opened succesfully
[30/01/2025 14:53:18] nrComm: The port is closed succesfully
[30/01/2025 14:53:18] nrComm: The port COM1 is opened succesfully
[30/01/2025 14:55:34] nrComm: The port is closed succesfully
[30/01/2025 14:55:34] Fatal Error: 1, 0, Device "COM1" Open Error !!!\0DhAcceso denegado
[30/01/2025 14:56:04] nrComm: The port COM1 is opened succesfully
[30/01/2025 14:56:04] nrComm: The port is closed succesfully
[30/01/2025 14:56:04] nrComm: The port COM1 is opened succesfully
[30/01/2025 14:56:04] nrComm: The port is closed succesfully
[30/01/2025 14:56:04] Fatal Error: 1, 0, Device "COM1" Open Error !!!\0DhAcceso denegado
[30/01/2025 14:56:10] nrComm: The port COM1 is opened succesfully
[30/01/2025 14:56:10] nrComm: The port is closed succesfully
[30/01/2025 14:56:11] nrComm: The port COM1 is opened succesfully
[30/01/2025 14:56:11] nrComm: The port is closed succesfully
[30/01/2025 14:56:11] nrComm: The port COM1 is opened succesfully
[30/01/2025 14:56:11] nrComm: The port is closed succesfully
[30/01/2025 14:56:11] Fatal Error: 1, 0, Device "COM1" Open Error !!!\0DhAcceso denegado
[30/01/2025 14:56:23] nrComm: The port COM1 is opened succesfully
[30/01/2025 14:56:23] nrComm: The port is closed succesfully
[30/01/2025 14:56:23] nrComm: The port COM1 is opened succesfully
[30/01/2025 14:56:26] nrComm: The port is closed succesfully
[30/01/2025 14:56:26] Fatal Error: 1, 0, Device "COM1" Open Error !!!\0DhAcceso denegado
[30/01/2025 14:56:26] Fatal Error: 1, 0, Device "COM1" Open Error !!!\0DhAcceso denegado
[30/01/2025 14:56:39] nrComm: The port COM1 is opened succesfully
[30/01/2025 14:56:39] nrComm: The port is closed succesfully
[30/01/2025 14:56:39] nrComm: The port COM1 is opened succesfully
[30/01/2025 14:58:03] nrComm: The port is closed succesfully
[30/01/2025 14:58:03] Fatal Error: 1, 0, Device "COM1" Open Error !!!\0DhAcceso denegado
[30/01/2025 14:58:03] nrComm: The port COM1 is opened succesfully
[30/01/2025 14:58:03] nrComm: The port is closed succesfully
[30/01/2025 14:58:03] nrComm: The port COM1 is opened succesfully
[30/01/2025 14:58:11] nrComm: The port is closed succesfully
[30/01/2025 14:58:11] nrComm: The port COM1 is opened succesfully
[30/01/2025 14:59:09] nrComm: The port is closed succesfully
[30/01/2025 14:59:09] Fatal Error: 1, 0, Device "COM1" Open Error !!!\0DhAcceso denegado
[30/01/2025 14:59:09] nrComm: The port COM1 is opened succesfully
[30/01/2025 14:59:09] nrComm: The port is closed succesfully
[30/01/2025 14:59:09] nrComm: The port COM1 is opened succesfully
[30/01/2025 14:59:58] nrComm: The port is closed succesfully
[30/01/2025 14:59:58] Fatal Error: 1, 0, Device "COM1" Open Error !!!\0DhAcceso denegado
[30/01/2025 15:00:59] nrComm: The port COM1 is opened succesfully
[30/01/2025 15:00:59] nrComm: The port is closed succesfully
[30/01/2025 15:00:59] nrComm: The port COM1 is opened succesfully
[30/01/2025 15:00:59] nrComm: The port is closed succesfully
[30/01/2025 15:00:59] nrComm: The port COM1 is opened succesfully
[30/01/2025 15:01:09] nrComm: The port is closed succesfully
[30/01/2025 15:01:09] Fatal Error: 1, 0, Device "COM1" Open Error !!!\0DhAcceso denegado
[30/01/2025 15:01:11] nrComm: The port COM1 is opened succesfully
[30/01/2025 15:01:11] nrComm: The port is closed succesfully
[30/01/2025 15:01:11] nrComm: The port COM1 is opened succesfully
[30/01/2025 15:01:11] nrComm: The port is closed succesfully
[30/01/2025 15:01:11] Fatal Error: 1, 0, Device "COM1" Open Error !!!\0DhAcceso denegado
[30/01/2025 15:01:19] nrComm: The port COM1 is opened succesfully
[30/01/2025 15:01:19] nrComm: The port is closed succesfully
[30/01/2025 15:01:19] nrComm: The port COM1 is opened succesfully
[30/01/2025 15:01:24] nrComm: The port is closed succesfully
[30/01/2025 15:01:24] Fatal Error: 1, 0, Device "COM1" Open Error !!!\0DhAcceso denegado
[30/01/2025 15:01:24] Fatal Error: 1, 0, Device "COM1" Open Error !!!\0DhAcceso denegado
[30/01/2025 15:02:26] nrComm: The port COM1 is opened succesfully
[30/01/2025 15:02:26] nrComm: The port is closed succesfully
[30/01/2025 15:02:26] nrComm: The port COM1 is opened succesfully
[30/01/2025 15:02:42] nrComm: The port is closed succesfully
[30/01/2025 15:02:42] Fatal Error: 1, 0, Device "COM1" Open Error !!!\0DhAcceso denegado
[30/01/2025 15:02:42] nrComm: The port COM1 is opened succesfully
[30/01/2025 15:02:42] nrComm: The port is closed succesfully
[30/01/2025 15:02:42] nrComm: The port COM1 is opened succesfully
[30/01/2025 15:03:13] nrComm Lib v8.31 Std Windows Longhorn [6.2.9200] 
[30/01/2025 15:03:13] nrComm: The port COM1 is opened succesfully
[30/01/2025 15:03:13] nrComm: The port is closed succesfully
[30/01/2025 15:03:13] nrComm: The port COM1 is opened succesfully
[30/01/2025 15:03:13] nrComm: The port is closed succesfully
[30/01/2025 15:03:13] nrComm: The port COM1 is opened succesfully
[30/01/2025 15:29:49] nrComm: The port is closed succesfully
[30/01/2025 15:29:49] Fatal Error: 1, 0, Device "COM1" Open Error !!!\0DhAcceso denegado
[30/01/2025 15:29:49] Fatal Error: 1, 0, Device "COM1" Open Error !!!\0DhAcceso denegado
[30/01/2025 15:29:57] nrComm: The port COM1 is opened succesfully
[30/01/2025 15:29:57] nrComm: The port is closed succesfully
[30/01/2025 15:29:57] nrComm: The port COM1 is opened succesfully
[30/01/2025 15:29:58] nrComm: The port is closed succesfully
[30/01/2025 15:29:58] Fatal Error: 1, 0, Device "COM1" Open Error !!!\0DhAcceso denegado
[30/01/2025 15:29:58] nrComm: The port COM1 is opened succesfully
[30/01/2025 15:29:58] nrComm: The port is closed succesfully
[30/01/2025 15:29:59] nrComm: The port COM1 is opened succesfully
[30/01/2025 15:29:59] nrComm: The port is closed succesfully
[30/01/2025 15:29:59] Fatal Error: 1, 0, Device "COM1" Open Error !!!\0DhAcceso denegado
[30/01/2025 15:31:35] nrComm: The port COM1 is opened succesfully
[30/01/2025 15:31:36] nrComm: The port is closed succesfully
[30/01/2025 15:31:36] nrComm: The port COM1 is opened succesfully
[30/01/2025 15:31:36] nrComm: The port is closed succesfully
[30/01/2025 15:31:36] Fatal Error: 1, 0, Device "COM1" Open Error !!!\0DhAcceso denegado
[30/01/2025 15:31:43] nrComm: The port COM1 is opened succesfully
[30/01/2025 15:31:43] nrComm: The port is closed succesfully
[30/01/2025 15:31:43] nrComm: The port COM1 is opened succesfully
[30/01/2025 15:32:02] nrComm: The port is closed succesfully
[30/01/2025 15:32:02] Fatal Error: 1, 0, Device "COM1" Open Error !!!\0DhAcceso denegado
[30/01/2025 15:32:02] nrComm: The port COM1 is opened succesfully
[30/01/2025 15:32:02] nrComm: The port is closed succesfully
[30/01/2025 15:32:02] nrComm: The port COM1 is opened succesfully
[30/01/2025 15:32:03] nrComm: The port is closed succesfully
[30/01/2025 15:32:03] Fatal Error: 1, 0, Device "COM1" Open Error !!!\0DhAcceso denegado
[30/01/2025 15:33:30] nrComm: The port COM1 is opened succesfully
[30/01/2025 15:33:30] nrComm: The port is closed succesfully
[30/01/2025 15:33:30] nrComm: The port COM1 is opened succesfully
[30/01/2025 15:33:30] nrComm: The port is closed succesfully
[30/01/2025 15:33:30] Fatal Error: 1, 0, Device "COM1" Open Error !!!\0DhAcceso denegado
[30/01/2025 15:33:39] nrComm: The port COM1 is opened succesfully
[30/01/2025 15:33:39] nrComm: The port is closed succesfully
[30/01/2025 15:33:39] nrComm: The port COM1 is opened succesfully
[30/01/2025 15:33:44] nrComm: The port is closed succesfully
[30/01/2025 15:33:44] Fatal Error: 1, 0, Device "COM1" Open Error !!!\0DhAcceso denegado
[30/01/2025 15:33:44] nrComm: The port COM1 is opened succesfully
[30/01/2025 15:33:44] nrComm: The port is closed succesfully
[30/01/2025 15:33:44] nrComm: The port COM1 is opened succesfully
[30/01/2025 15:33:56] nrComm: The port is closed succesfully
[30/01/2025 15:33:56] Fatal Error: 1, 0, Device "COM1" Open Error !!!\0DhAcceso denegado
[30/01/2025 15:33:58] nrComm: The port COM1 is opened succesfully
[30/01/2025 15:33:58] nrComm: The port is closed succesfully
[30/01/2025 15:33:58] nrComm: The port COM1 is opened succesfully
[30/01/2025 15:33:58] nrComm: The port is closed succesfully
[30/01/2025 15:33:58] Fatal Error: 1, 0, Device "COM1" Open Error !!!\0DhAcceso denegado
[30/01/2025 15:34:47] nrComm: The port COM1 is opened succesfully
[30/01/2025 15:34:47] nrComm: The port is closed succesfully
[30/01/2025 15:34:47] nrComm: The port COM1 is opened succesfully
[30/01/2025 16:52:32] nrComm: The port is closed succesfully
[30/01/2025 16:52:32] Fatal Error: 1, 0, Device "COM1" Open Error !!!\0DhAcceso denegado
[30/01/2025 16:52:32] nrComm: The port COM1 is opened succesfully
[30/01/2025 16:52:32] nrComm: The port is closed succesfully
[30/01/2025 16:52:32] nrComm: The port COM1 is opened succesfully
[30/01/2025 16:53:45] nrComm: The port is closed succesfully
[30/01/2025 16:53:45] Fatal Error: 1, 0, Device "COM1" Open Error !!!\0DhAcceso denegado
[30/01/2025 16:53:51] nrComm: The port COM1 is opened succesfully
[30/01/2025 16:53:51] nrComm: The port is closed succesfully
[30/01/2025 16:53:51] nrComm: The port COM1 is opened succesfully
[30/01/2025 16:53:51] nrComm: The port is closed succesfully
[30/01/2025 16:53:51] Fatal Error: 1, 0, Device "COM1" Open Error !!!\0DhAcceso denegado
[30/01/2025 16:56:07] nrComm: The port COM1 is opened succesfully
[30/01/2025 16:56:07] nrComm: The port is closed succesfully
[30/01/2025 16:56:07] nrComm: The port COM1 is opened succesfully
[30/01/2025 17:06:55] nrComm: The port is closed succesfully
[30/01/2025 17:06:56] nrComm: The port COM1 is opened succesfully
[30/01/2025 17:06:56] nrComm: The port is closed succesfully
[30/01/2025 17:06:56] nrComm: The port COM1 is opened succesfully
[30/01/2025 17:07:07] nrComm: The port is closed succesfully
[30/01/2025 17:07:07] nrComm: The port COM1 is opened succesfully
[30/01/2025 17:07:09] nrComm: The port is closed succesfully
[30/01/2025 17:07:09] Fatal Error: 1, 0, Device "COM1" Open Error !!!\0DhAcceso denegado
[30/01/2025 17:07:09] nrComm: The port COM1 is opened succesfully
[30/01/2025 17:07:09] nrComm: The port is closed succesfully
[30/01/2025 17:07:09] nrComm: The port COM1 is opened succesfully
[30/01/2025 17:07:13] nrComm: The port is closed succesfully
[30/01/2025 17:07:13] Fatal Error: 1, 0, Device "COM1" Open Error !!!\0DhAcceso denegado
[30/01/2025 17:07:16] nrComm: The port COM1 is opened succesfully
[30/01/2025 17:07:16] nrComm: The port is closed succesfully
[30/01/2025 17:07:16] nrComm: The port COM1 is opened succesfully
[30/01/2025 17:07:16] nrComm: The port is closed succesfully
[30/01/2025 17:07:16] Fatal Error: 1, 0, Device "COM1" Open Error !!!\0DhAcceso denegado
[30/01/2025 17:07:34] nrComm: The port COM1 is opened succesfully
[30/01/2025 17:07:34] nrComm: The port is closed succesfully
[30/01/2025 17:07:34] nrComm: The port COM1 is opened succesfully
[31/01/2025 13:04:29] nrComm Lib v8.31 Std Windows Longhorn [6.2.9200] 
[31/01/2025 13:04:29] nrComm: The port COM1 is opened succesfully
[31/01/2025 13:04:29] nrComm: The port is closed succesfully
[31/01/2025 13:04:29] nrComm: The port COM1 is opened succesfully
[31/01/2025 13:04:29] nrComm: The port is closed succesfully
[31/01/2025 13:04:29] Fatal Error: 1, 0, Device "COM1" Open Error !!!\0DhAcceso denegado
[31/01/2025 13:32:56] nrComm: The port COM1 is opened succesfully
[31/01/2025 13:32:56] nrComm: The port is closed succesfully
[31/01/2025 13:32:56] nrComm: The port COM1 is opened succesfully
[31/01/2025 13:32:56] nrComm: The port is closed succesfully
[31/01/2025 13:32:56] Fatal Error: 1, 0, Device "COM1" Open Error !!!\0DhAcceso denegado
[31/01/2025 13:32:57] nrComm: The port COM1 is opened succesfully
[31/01/2025 13:32:57] nrComm: The port is closed succesfully
[31/01/2025 13:32:57] nrComm: The port COM1 is opened succesfully
[31/01/2025 14:30:36] nrComm Lib v8.31 Std Windows Longhorn [6.2.9200] 
[31/01/2025 14:30:36] Fatal Error: 1, 0, Device "COM1" Open Error !!!\0DhEl sistema no puede encontrar el archivo especificado
[31/01/2025 14:30:36] Fatal Error: 1, 0, Device "COM1" Open Error !!!\0DhEl sistema no puede encontrar el archivo especificado
[31/01/2025 14:34:28] nrComm Lib v8.31 Std Windows Longhorn [6.2.9200] 
[31/01/2025 14:34:28] Fatal Error: 1, 0, Device "COM1" Open Error !!!\0DhEl sistema no puede encontrar el archivo especificado
[31/01/2025 14:34:29] Fatal Error: 1, 0, Device "COM1" Open Error !!!\0DhEl sistema no puede encontrar el archivo especificado
[31/01/2025 14:35:43] Fatal Error: 1, 0, Device "COM1" Open Error !!!\0DhEl sistema no puede encontrar el archivo especificado
[31/01/2025 14:35:43] Fatal Error: 1, 0, Device "COM1" Open Error !!!\0DhEl sistema no puede encontrar el archivo especificado
[31/01/2025 14:36:46] Fatal Error: 1, 0, Device "COM1" Open Error !!!\0DhEl sistema no puede encontrar el archivo especificado